=== T.11.E — hybrid comparator vin × MC ===
  n_vin=16, n_draws=256, B=4096 chips
  vin sweep ±50 mV around VCM = 0.9000 V
  σ_Vth = 5 mV per side

running batched transient: 4096 chips × 80 BE steps...
done in 18.7s (233.3 ms/step for ALL 4096 chips → 0.06 ms/step/chip)

+---------+----------+---------+---------+----------+
| vin_off | mean(V) | σ(mV)   |   #HI/#  | example draws (V)               |
+---------+---------+---------+---------+----------+
| -0.0500 | 0.0000 |   0.00 |    0/256 | 0.000 0.000 0.000 0.000 |
| -0.0433 | 0.0000 |   0.00 |    0/256 | 0.000 0.000 0.000 0.000 |
| -0.0367 | 0.0000 |   0.00 |    0/256 | 0.000 0.000 0.000 0.000 |
| -0.0300 | 0.0000 |   0.00 |    0/256 | 0.000 0.000 0.000 0.000 |
| -0.0233 | 0.0070 | 112.28 |    1/256 | 0.000 0.000 0.000 0.000 |
| -0.0167 | 0.0480 | 286.84 |    7/256 | 0.000 0.000 0.000 0.000 |
| -0.0100 | 0.2915 | 660.62 |   41/256 | 0.000 0.000 1.800 0.000 |
| -0.0033 | 0.7374 | 883.97 |  105/256 | 0.000 0.000 1.800 0.000 |
| +0.0033 | 1.3592 | 771.65 |  193/256 | 1.800 0.000 1.800 0.000 |
| +0.0100 | 1.7367 | 331.51 |  247/256 | 1.800 1.800 1.800 1.800 |
| +0.0167 | 1.7930 | 112.28 |  255/256 | 1.800 1.800 1.800 1.800 |
| +0.0233 | 1.8000 |   0.00 |  256/256 | 1.800 1.800 1.800 1.800 |
| +0.0300 | 1.8000 |   0.00 |  256/256 | 1.800 1.800 1.800 1.800 |
| +0.0367 | 1.8000 |   0.00 |  256/256 | 1.800 1.800 1.800 1.800 |
| +0.0433 | 1.8000 |   0.00 |  256/256 | 1.800 1.800 1.800 1.800 |
| +0.0500 | 1.8000 |   0.00 |  256/256 | 1.800 1.800 1.800 1.800 |
+---------+---------+---------+---------+----------+

=== T.11.E headline ===
  B = 4096 chips (16 vin × 256 draws), σ_Vth = 5 mV per side
  total wall: 18.7 s (0.1 ms / step / chip)
  per-draw switching-point: mean = -2.12 mV, σ = 7.67 mV (input-referred offset distribution)
  drew 256/256 valid crossings within ±50 mV sweep range
Report: /Users/Shared/rlx-eda/crates/spike-divider-block/docs/comparator_vin_sweep_mc.md
