=== T.11.D hybrid SAR ADC sweep ===
  N_VIN=8, N_DRAWS=8, B=64 chips
  σ_Vth = 5 mV per side
  vin grid: [0.54, 0.68142855, 0.82285714, 0.96428573, 1.1057143, 1.2471428, 1.3885714, 1.53]
  total ns: 140 → 140 BE steps
  one batched transient on MLX (when feature enabled)

[batched-step]    1/140  (  0.7%)  iters=27  converged=64/64  elapsed=   0.3s  eta= 44.0s
[batched-step]    2/140  (  1.4%)  iters= 6  converged=64/64  elapsed=   0.4s  eta= 25.9s
[batched-step]    3/140  (  2.1%)  iters= 5  converged=64/64  elapsed=   0.4s  eta= 19.8s
[batched-step]    4/140  (  2.9%)  iters= 4  converged=64/64  elapsed=   0.5s  eta= 16.5s
[batched-step]    5/140  (  3.6%)  iters= 4  converged=64/64  elapsed=   0.5s  eta= 14.6s
[batched-step]    6/140  (  4.3%)  iters= 3  converged=64/64  elapsed=   0.6s  eta= 13.0s
[batched-step]    7/140  (  5.0%)  iters= 3  converged=64/64  elapsed=   0.6s  eta= 11.8s
[batched-step]    8/140  (  5.7%)  iters= 3  converged=64/64  elapsed=   0.7s  eta= 10.9s
[batched-step]    9/140  (  6.4%)  iters= 3  converged=64/64  elapsed=   0.7s  eta= 10.3s
[batched-step]   10/140  (  7.1%)  iters=11  converged=64/64  elapsed=   0.8s  eta= 10.8s
[batched-step]   11/140  (  7.9%)  iters= 6  converged=64/64  elapsed=   0.9s  eta= 10.7s
[batched-step]   12/140  (  8.6%)  iters= 5  converged=64/64  elapsed=   1.0s  eta= 10.5s
[batched-step]   13/140  (  9.3%)  iters= 5  converged=64/64  elapsed=   1.1s  eta= 10.5s
[batched-step]   14/140  ( 10.0%)  iters= 4  converged=64/64  elapsed=   1.1s  eta= 10.3s
[batched-step]   15/140  ( 10.7%)  iters= 4  converged=64/64  elapsed=   1.2s  eta= 10.0s
[batched-step]   16/140  ( 11.4%)  iters= 5  converged=64/64  elapsed=   1.3s  eta= 10.0s
[batched-step]   17/140  ( 12.1%)  iters= 4  converged=64/64  elapsed=   1.4s  eta=  9.8s
[batched-step]   18/140  ( 12.9%)  iters= 4  converged=64/64  elapsed=   1.4s  eta=  9.6s
[batched-step]   19/140  ( 13.6%)  iters= 3  converged=64/64  elapsed=   1.5s  eta=  9.2s
[batched-step]   20/140  ( 14.3%)  iters= 3  converged=64/64  elapsed=   1.5s  eta=  9.0s
[batched-step]   21/140  ( 15.0%)  iters= 3  converged=64/64  elapsed=   1.5s  eta=  8.8s
[batched-step]   22/140  ( 15.7%)  iters= 3  converged=64/64  elapsed=   1.6s  eta=  8.6s
[batched-step]   23/140  ( 16.4%)  iters= 3  converged=64/64  elapsed=   1.7s  eta=  8.4s
[batched-step]   24/140  ( 17.1%)  iters= 3  converged=64/64  elapsed=   1.7s  eta=  8.2s
[batched-step]   25/140  ( 17.9%)  iters= 3  converged=64/64  elapsed=   1.7s  eta=  8.0s
[batched-step]   26/140  ( 18.6%)  iters= 3  converged=64/64  elapsed=   1.8s  eta=  7.9s
[batched-step]   27/140  ( 19.3%)  iters= 3  converged=64/64  elapsed=   1.9s  eta=  7.8s
[batched-step]   28/140  ( 20.0%)  iters= 3  converged=64/64  elapsed=   1.9s  eta=  7.6s
[batched-step]   29/140  ( 20.7%)  iters= 3  converged=64/64  elapsed=   2.0s  eta=  7.5s
[batched-step]   30/140  ( 21.4%)  iters= 3  converged=64/64  elapsed=   2.0s  eta=  7.4s
[batched-step]   31/140  ( 22.1%)  iters= 3  converged=64/64  elapsed=   2.1s  eta=  7.3s
[batched-step]   32/140  ( 22.9%)  iters= 3  converged=64/64  elapsed=   2.1s  eta=  7.2s
[batched-step]   33/140  ( 23.6%)  iters= 3  converged=64/64  elapsed=   2.2s  eta=  7.0s
[batched-step]   34/140  ( 24.3%)  iters= 3  converged=64/64  elapsed=   2.2s  eta=  6.9s
[batched-step]   35/140  ( 25.0%)  iters= 3  converged=64/64  elapsed=   2.3s  eta=  6.8s
[batched-step]   36/140  ( 25.7%)  iters= 3  converged=64/64  elapsed=   2.3s  eta=  6.7s
[batched-step]   37/140  ( 26.4%)  iters= 3  converged=64/64  elapsed=   2.4s  eta=  6.6s
[batched-step]   38/140  ( 27.1%)  iters= 3  converged=64/64  elapsed=   2.4s  eta=  6.5s
[batched-step]   39/140  ( 27.9%)  iters= 2  converged=64/64  elapsed=   2.5s  eta=  6.4s
[batched-step]   40/140  ( 28.6%)  iters=53  converged=0/64  elapsed=   3.4s  eta=  8.6s
[batched-step]   41/140  ( 29.3%)  iters=33  converged=0/64  elapsed=   4.1s  eta= 10.0s
[batched-step]   42/140  ( 30.0%)  iters=33  converged=0/64  elapsed=   4.8s  eta= 11.3s
[batched-step]   43/140  ( 30.7%)  iters=33  converged=0/64  elapsed=   5.5s  eta= 12.5s
[batched-step]   44/140  ( 31.4%)  iters=33  converged=0/64  elapsed=   6.2s  eta= 13.6s
[batched-step]   45/140  ( 32.1%)  iters=33  converged=0/64  elapsed=   6.9s  eta= 14.6s
[batched-step]   46/140  ( 32.9%)  iters=33  converged=0/64  elapsed=   7.6s  eta= 15.6s
[batched-step]   47/140  ( 33.6%)  iters=33  converged=0/64  elapsed=   8.3s  eta= 16.5s
[batched-step]   48/140  ( 34.3%)  iters=33  converged=0/64  elapsed=   9.1s  eta= 17.3s
[batched-step]   49/140  ( 35.0%)  iters=33  converged=0/64  elapsed=   9.7s  eta= 18.1s
[batched-step]   50/140  ( 35.7%)  iters=33  converged=0/64  elapsed=  10.4s  eta= 18.8s
[batched-step]   51/140  ( 36.4%)  iters=33  converged=0/64  elapsed=  11.1s  eta= 19.4s
[batched-step]   52/140  ( 37.1%)  iters=33  converged=0/64  elapsed=  11.8s  eta= 20.0s
[batched-step]   53/140  ( 37.9%)  iters=26  converged=64/64  elapsed=  12.3s  eta= 20.2s
[batched-step]   54/140  ( 38.6%)  iters= 7  converged=64/64  elapsed=  12.4s  eta= 19.8s
[batched-step]   55/140  ( 39.3%)  iters= 4  converged=64/64  elapsed=  12.5s  eta= 19.3s
[batched-step]   56/140  ( 40.0%)  iters= 5  converged=64/64  elapsed=  12.5s  eta= 18.8s
[batched-step]   57/140  ( 40.7%)  iters= 9  converged=64/64  elapsed=  12.7s  eta= 18.4s
[batched-step]   58/140  ( 41.4%)  iters=42  converged=39/64  elapsed=  13.5s  eta= 19.1s
[batched-step]   59/140  ( 42.1%)  iters=33  converged=39/64  elapsed=  14.2s  eta= 19.5s
[batched-step]   60/140  ( 42.9%)  iters=33  converged=39/64  elapsed=  14.9s  eta= 19.9s
[batched-step]   61/140  ( 43.6%)  iters=33  converged=60/64  elapsed=  15.6s  eta= 20.2s
[batched-step]   62/140  ( 44.3%)  iters=33  converged=60/64  elapsed=  16.3s  eta= 20.5s
[batched-step]   63/140  ( 45.0%)  iters=33  converged=62/64  elapsed=  17.0s  eta= 20.8s
[batched-step]   64/140  ( 45.7%)  iters=33  converged=62/64  elapsed=  17.7s  eta= 21.0s
[batched-step]   65/140  ( 46.4%)  iters=33  converged=0/64  elapsed=  18.4s  eta= 21.2s
[batched-step]   66/140  ( 47.1%)  iters=33  converged=0/64  elapsed=  19.0s  eta= 21.4s
[batched-step]   67/140  ( 47.9%)  iters=33  converged=0/64  elapsed=  19.7s  eta= 21.5s
[batched-step]   68/140  ( 48.6%)  iters=33  converged=0/64  elapsed=  20.4s  eta= 21.6s
[batched-step]   69/140  ( 49.3%)  iters=33  converged=0/64  elapsed=  21.1s  eta= 21.8s
[batched-step]   70/140  ( 50.0%)  iters=33  converged=0/64  elapsed=  21.8s  eta= 21.8s
[batched-step]   71/140  ( 50.7%)  iters=33  converged=0/64  elapsed=  22.5s  eta= 21.9s
[batched-step]   72/140  ( 51.4%)  iters=33  converged=0/64  elapsed=  23.2s  eta= 21.9s
[batched-step]   73/140  ( 52.1%)  iters=33  converged=0/64  elapsed=  23.9s  eta= 22.0s
[batched-step]   74/140  ( 52.9%)  iters=33  converged=0/64  elapsed=  24.6s  eta= 22.0s
[batched-step]   75/140  ( 53.6%)  iters=33  converged=0/64  elapsed=  25.3s  eta= 21.9s
[batched-step]   76/140  ( 54.3%)  iters=33  converged=0/64  elapsed=  26.0s  eta= 21.9s
[batched-step]   77/140  ( 55.0%)  iters=33  converged=0/64  elapsed=  26.7s  eta= 21.8s
[batched-step]   78/140  ( 55.7%)  iters=33  converged=60/64  elapsed=  27.4s  eta= 21.8s
[batched-step]   79/140  ( 56.4%)  iters=33  converged=62/64  elapsed=  28.1s  eta= 21.7s
[batched-step]   80/140  ( 57.1%)  iters=33  converged=62/64  elapsed=  28.8s  eta= 21.6s
[batched-step]   81/140  ( 57.9%)  iters=33  converged=62/64  elapsed=  29.5s  eta= 21.5s
[batched-step]   82/140  ( 58.6%)  iters=33  converged=59/64  elapsed=  30.2s  eta= 21.3s
[batched-step]   83/140  ( 59.3%)  iters=33  converged=39/64  elapsed=  30.9s  eta= 21.2s
[batched-step]   84/140  ( 60.0%)  iters=33  converged=38/64  elapsed=  31.5s  eta= 21.0s
[batched-step]   85/140  ( 60.7%)  iters=33  converged=38/64  elapsed=  32.2s  eta= 20.9s
[batched-step]   86/140  ( 61.4%)  iters=33  converged=47/64  elapsed=  32.9s  eta= 20.7s
[batched-step]   87/140  ( 62.1%)  iters=33  converged=47/64  elapsed=  33.6s  eta= 20.5s
[batched-step]   88/140  ( 62.9%)  iters=33  converged=41/64  elapsed=  34.3s  eta= 20.3s
[batched-step]   89/140  ( 63.6%)  iters=33  converged=39/64  elapsed=  35.0s  eta= 20.1s
[batched-step]   90/140  ( 64.3%)  iters=33  converged=0/64  elapsed=  35.7s  eta= 19.8s
[batched-step]   91/140  ( 65.0%)  iters=33  converged=1/64  elapsed=  36.4s  eta= 19.6s
[batched-step]   92/140  ( 65.7%)  iters=33  converged=1/64  elapsed=  37.1s  eta= 19.4s
[batched-step]   93/140  ( 66.4%)  iters=33  converged=1/64  elapsed=  37.8s  eta= 19.1s
[batched-step]   94/140  ( 67.1%)  iters=33  converged=1/64  elapsed=  38.5s  eta= 18.8s
[batched-step]   95/140  ( 67.9%)  iters=33  converged=1/64  elapsed=  39.1s  eta= 18.5s
[batched-step]   96/140  ( 68.6%)  iters=33  converged=1/64  elapsed=  39.8s  eta= 18.3s
[batched-step]   97/140  ( 69.3%)  iters=33  converged=1/64  elapsed=  40.5s  eta= 18.0s
[batched-step]   98/140  ( 70.0%)  iters=33  converged=1/64  elapsed=  41.2s  eta= 17.7s
[batched-step]   99/140  ( 70.7%)  iters=33  converged=1/64  elapsed=  41.9s  eta= 17.4s
[batched-step]  100/140  ( 71.4%)  iters=33  converged=1/64  elapsed=  42.6s  eta= 17.1s
[batched-step]  101/140  ( 72.1%)  iters=33  converged=1/64  elapsed=  43.3s  eta= 16.7s
[batched-step]  102/140  ( 72.9%)  iters=33  converged=1/64  elapsed=  44.0s  eta= 16.4s
[batched-step]  103/140  ( 73.6%)  iters=33  converged=40/64  elapsed=  44.7s  eta= 16.1s
[batched-step]  104/140  ( 74.3%)  iters=33  converged=28/64  elapsed=  45.4s  eta= 15.7s
[batched-step]  105/140  ( 75.0%)  iters=33  converged=24/64  elapsed=  46.1s  eta= 15.4s
[batched-step]  106/140  ( 75.7%)  iters=33  converged=20/64  elapsed=  46.8s  eta= 15.0s
[batched-step]  107/140  ( 76.4%)  iters=33  converged=16/64  elapsed=  47.5s  eta= 14.7s
[batched-step]  108/140  ( 77.1%)  iters=33  converged=15/64  elapsed=  48.2s  eta= 14.3s
[batched-step]  109/140  ( 77.9%)  iters=39  converged=16/64  elapsed=  49.0s  eta= 13.9s
[batched-step]  110/140  ( 78.6%)  iters=33  converged=15/64  elapsed=  49.7s  eta= 13.6s
[batched-step]  111/140  ( 79.3%)  iters=45  converged=20/64  elapsed=  50.6s  eta= 13.2s
[batched-step]  112/140  ( 80.0%)  iters=33  converged=21/64  elapsed=  51.3s  eta= 12.8s
[batched-step]  113/140  ( 80.7%)  iters=33  converged=21/64  elapsed=  52.0s  eta= 12.4s
[batched-step]  114/140  ( 81.4%)  iters=33  converged=21/64  elapsed=  52.6s  eta= 12.0s
[batched-step]  115/140  ( 82.1%)  iters=33  converged=0/64  elapsed=  53.3s  eta= 11.6s
[batched-step]  116/140  ( 82.9%)  iters=33  converged=2/64  elapsed=  54.0s  eta= 11.2s
[batched-step]  117/140  ( 83.6%)  iters=33  converged=3/64  elapsed=  54.7s  eta= 10.7s
[batched-step]  118/140  ( 84.3%)  iters=33  converged=3/64  elapsed=  55.4s  eta= 10.3s
[batched-step]  119/140  ( 85.0%)  iters=33  converged=3/64  elapsed=  56.0s  eta=  9.9s
[batched-step]  120/140  ( 85.7%)  iters=33  converged=3/64  elapsed=  56.7s  eta=  9.5s
[batched-step]  121/140  ( 86.4%)  iters=33  converged=3/64  elapsed=  57.4s  eta=  9.0s
[batched-step]  122/140  ( 87.1%)  iters=33  converged=3/64  elapsed=  58.1s  eta=  8.6s
[batched-step]  123/140  ( 87.9%)  iters=33  converged=3/64  elapsed=  58.7s  eta=  8.1s
[batched-step]  124/140  ( 88.6%)  iters=33  converged=3/64  elapsed=  59.4s  eta=  7.7s
[batched-step]  125/140  ( 89.3%)  iters=33  converged=3/64  elapsed=  60.1s  eta=  7.2s
[batched-step]  126/140  ( 90.0%)  iters=33  converged=3/64  elapsed=  60.8s  eta=  6.8s
[batched-step]  127/140  ( 90.7%)  iters=33  converged=3/64  elapsed=  61.5s  eta=  6.3s
[batched-step]  128/140  ( 91.4%)  iters=33  converged=17/64  elapsed=  62.1s  eta=  5.8s
[batched-step]  129/140  ( 92.1%)  iters=33  converged=19/64  elapsed=  62.8s  eta=  5.4s
[batched-step]  130/140  ( 92.9%)  iters=33  converged=18/64  elapsed=  63.5s  eta=  4.9s
[batched-step]  131/140  ( 93.6%)  iters=33  converged=18/64  elapsed=  64.2s  eta=  4.4s
[batched-step]  132/140  ( 94.3%)  iters=33  converged=18/64  elapsed=  64.8s  eta=  3.9s
[batched-step]  133/140  ( 95.0%)  iters=33  converged=14/64  elapsed=  65.5s  eta=  3.4s
[batched-step]  134/140  ( 95.7%)  iters=33  converged=14/64  elapsed=  66.2s  eta=  3.0s
[batched-step]  135/140  ( 96.4%)  iters=33  converged=11/64  elapsed=  66.9s  eta=  2.5s
[batched-step]  136/140  ( 97.1%)  iters=33  converged=16/64  elapsed=  67.5s  eta=  2.0s
[batched-step]  137/140  ( 97.9%)  iters=33  converged=17/64  elapsed=  68.2s  eta=  1.5s
[batched-step]  138/140  ( 98.6%)  iters=33  converged=17/64  elapsed=  68.9s  eta=  1.0s
[batched-step]  139/140  ( 99.3%)  iters=33  converged=17/64  elapsed=  69.6s  eta=  0.5s
[batched-step]  140/140  (100.0%)  iters=33  converged=17/64  elapsed=  70.2s  eta=  0.0s
done in 205.7s (1468.9 ms/step for ALL 64 chips → 22.95 ms/step/chip)
[conv] 96/141 steps had at least one unconverged chip; max |r| across all = 3.38e-4

+---------+----------+----------------+--------+--------+--------+--------+
| vin (V) | ideal    | decoded (per draw)                                  |
+---------+----------+----------------+--------+--------+--------+--------+
|  0.5400 |    4 = 0b0100 |    6    6    7    6 …(4 more) → mean 6.12, σ 0.33, match 0/8 |
|  0.6814 |    6 = 0b0110 |    8    7    9    7 …(4 more) → mean 7.50, σ 0.71, match 0/8 |
|  0.8229 |    7 = 0b0111 |    7    7    7    7 …(4 more) → mean 7.12, σ 0.33, match 7/8 |
|  0.9643 |    8 = 0b1000 |   12   12   13   12 …(4 more) → mean 12.12, σ 0.33, match 0/8 |
|  1.1057 |    9 = 0b1001 |   12   12   12   12 …(4 more) → mean 11.38, σ 1.65, match 0/8 |
|  1.2471 |   11 = 0b1011 |   12   12   14   12 …(4 more) → mean 12.38, σ 0.70, match 0/8 |
|  1.3886 |   12 = 0b1100 |   14   14   14   14 …(4 more) → mean 13.75, σ 0.66, match 1/8 |
|  1.5300 |   13 = 0b1101 |   14   14   14   14 …(4 more) → mean 13.75, σ 0.66, match 0/8 |
+---------+----------+----------------+--------+--------+--------+--------+

=== T.11.D headline ===
  B = 64 chips (8 vin × 8 draws), σ_Vth = 5 mV
  total wall: 205.7 s (23.0 ms / step / chip)
  avg per-vin match-rate vs analytic SAR: 12%
  avg per-vin code σ under mismatch: 0.67 LSB
Report: /Users/Shared/rlx-eda/crates/spike-sar-adc/docs/sar_adc_mc_sweep.md
