=== T.11.D hybrid SAR ADC sweep ===
  N_VIN=8, N_DRAWS=8, B=64 chips
  σ_Vth = 5 mV per side
  vin grid: [0.54, 0.68142855, 0.82285714, 0.96428573, 1.1057143, 1.2471428, 1.3885714, 1.53]
  total ns: 140 → 140 BE steps
  one batched transient on MLX (when feature enabled)

[batched-step]    1/140  (  0.7%)  iters=27  converged=64/64  elapsed=   0.3s  eta= 44.5s
[batched-step]    2/140  (  1.4%)  iters= 6  converged=64/64  elapsed=   0.4s  eta= 26.2s
[batched-step]    3/140  (  2.1%)  iters= 5  converged=64/64  elapsed=   0.4s  eta= 20.1s
[batched-step]    4/140  (  2.9%)  iters= 4  converged=64/64  elapsed=   0.5s  eta= 16.7s
[batched-step]    5/140  (  3.6%)  iters= 4  converged=64/64  elapsed=   0.5s  eta= 14.6s
[batched-step]    6/140  (  4.3%)  iters= 3  converged=64/64  elapsed=   0.6s  eta= 13.0s
[batched-step]    7/140  (  5.0%)  iters= 3  converged=64/64  elapsed=   0.6s  eta= 11.9s
[batched-step]    8/140  (  5.7%)  iters= 3  converged=64/64  elapsed=   0.7s  eta= 11.0s
[batched-step]    9/140  (  6.4%)  iters= 3  converged=64/64  elapsed=   0.7s  eta= 10.3s
[batched-step]   10/140  (  7.1%)  iters=11  converged=64/64  elapsed=   0.8s  eta= 10.8s
[batched-step]   11/140  (  7.9%)  iters= 6  converged=64/64  elapsed=   0.9s  eta= 10.8s
[batched-step]   12/140  (  8.6%)  iters= 5  converged=64/64  elapsed=   1.0s  eta= 10.6s
[batched-step]   13/140  (  9.3%)  iters= 5  converged=64/64  elapsed=   1.1s  eta= 10.5s
[batched-step]   14/140  ( 10.0%)  iters= 4  converged=64/64  elapsed=   1.1s  eta= 10.3s
[batched-step]   15/140  ( 10.7%)  iters= 4  converged=64/64  elapsed=   1.2s  eta= 10.0s
[batched-step]   16/140  ( 11.4%)  iters= 5  converged=64/64  elapsed=   1.3s  eta= 10.0s
[batched-step]   17/140  ( 12.1%)  iters= 4  converged=64/64  elapsed=   1.4s  eta=  9.8s
[batched-step]   18/140  ( 12.9%)  iters= 4  converged=64/64  elapsed=   1.4s  eta=  9.6s
[batched-step]   19/140  ( 13.6%)  iters= 3  converged=64/64  elapsed=   1.5s  eta=  9.3s
[batched-step]   20/140  ( 14.3%)  iters= 3  converged=64/64  elapsed=   1.5s  eta=  9.0s
[batched-step]   21/140  ( 15.0%)  iters= 3  converged=64/64  elapsed=   1.6s  eta=  8.8s
[batched-step]   22/140  ( 15.7%)  iters= 3  converged=64/64  elapsed=   1.6s  eta=  8.6s
[batched-step]   23/140  ( 16.4%)  iters= 3  converged=64/64  elapsed=   1.7s  eta=  8.4s
[batched-step]   24/140  ( 17.1%)  iters= 3  converged=64/64  elapsed=   1.7s  eta=  8.2s
[batched-step]   25/140  ( 17.9%)  iters= 3  converged=64/64  elapsed=   1.8s  eta=  8.1s
[batched-step]   26/140  ( 18.6%)  iters= 3  converged=64/64  elapsed=   1.8s  eta=  7.9s
[batched-step]   27/140  ( 19.3%)  iters= 3  converged=64/64  elapsed=   1.9s  eta=  7.8s
[batched-step]   28/140  ( 20.0%)  iters= 3  converged=64/64  elapsed=   1.9s  eta=  7.7s
[batched-step]   29/140  ( 20.7%)  iters= 3  converged=64/64  elapsed=   2.0s  eta=  7.5s
[batched-step]   30/140  ( 21.4%)  iters= 3  converged=64/64  elapsed=   2.0s  eta=  7.4s
[batched-step]   31/140  ( 22.1%)  iters= 3  converged=64/64  elapsed=   2.1s  eta=  7.3s
[batched-step]   32/140  ( 22.9%)  iters= 3  converged=64/64  elapsed=   2.1s  eta=  7.2s
[batched-step]   33/140  ( 23.6%)  iters= 3  converged=64/64  elapsed=   2.2s  eta=  7.1s
[batched-step]   34/140  ( 24.3%)  iters= 3  converged=64/64  elapsed=   2.2s  eta=  7.0s
[batched-step]   35/140  ( 25.0%)  iters= 3  converged=64/64  elapsed=   2.3s  eta=  6.9s
[batched-step]   36/140  ( 25.7%)  iters= 3  converged=64/64  elapsed=   2.3s  eta=  6.8s
[batched-step]   37/140  ( 26.4%)  iters= 3  converged=64/64  elapsed=   2.4s  eta=  6.7s
[batched-step]   38/140  ( 27.1%)  iters= 3  converged=64/64  elapsed=   2.4s  eta=  6.6s
[batched-step]   39/140  ( 27.9%)  iters= 2  converged=64/64  elapsed=   2.5s  eta=  6.4s
[batched-step]   40/140  ( 28.6%)  iters= 2  converged=64/64  elapsed=   3.5s  eta=  8.8s sub=2^1
[batched-step]   41/140  ( 29.3%)  iters= 6  converged=64/64  elapsed=   5.0s  eta= 12.0s sub=2^1
[batched-step]   42/140  ( 30.0%)  iters= 5  converged=64/64  elapsed=   5.0s  eta= 11.7s
[batched-step]   43/140  ( 30.7%)  iters=11  converged=64/64  elapsed=   5.2s  eta= 11.8s
[batched-step]   44/140  ( 31.4%)  iters=49  converged=61/64  elapsed=   7.4s  eta= 16.3s sub=2^1
[batched-step]   45/140  ( 32.1%)  iters=33  converged=58/64  elapsed=   8.2s  eta= 17.2s
[batched-step]   46/140  ( 32.9%)  iters=33  converged=61/64  elapsed=  10.3s  eta= 21.0s sub=2^1
[batched-step]   47/140  ( 33.6%)  iters=33  converged=61/64  elapsed=  17.2s  eta= 34.0s sub=2^3
[batched-step]   48/140  ( 34.3%)  iters=33  converged=61/64  elapsed=  17.9s  eta= 34.3s
[batched-step]   49/140  ( 35.0%)  iters=33  converged=61/64  elapsed=  18.6s  eta= 34.5s
[batched-step]   50/140  ( 35.7%)  iters=33  converged=61/64  elapsed=  19.3s  eta= 34.7s
[batched-step]   51/140  ( 36.4%)  iters=33  converged=60/64  elapsed=  20.0s  eta= 34.8s
[batched-step]   52/140  ( 37.1%)  iters=33  converged=61/64  elapsed=  24.1s  eta= 40.8s sub=2^2
[batched-step]   53/140  ( 37.9%)  iters=33  converged=59/64  elapsed=  24.8s  eta= 40.8s
[batched-step]   54/140  ( 38.6%)  iters=33  converged=59/64  elapsed=  25.5s  eta= 40.6s
[batched-step]   55/140  ( 39.3%)  iters=33  converged=59/64  elapsed=  26.2s  eta= 40.5s
[batched-step]   56/140  ( 40.0%)  iters=33  converged=59/64  elapsed=  26.9s  eta= 40.4s
[batched-step]   57/140  ( 40.7%)  iters=33  converged=59/64  elapsed=  27.6s  eta= 40.2s
[batched-step]   58/140  ( 41.4%)  iters=42  converged=62/64  elapsed=  28.5s  eta= 40.2s
[batched-step]   59/140  ( 42.1%)  iters=33  converged=62/64  elapsed=  29.2s  eta= 40.0s
[batched-step]   60/140  ( 42.9%)  iters=45  converged=43/64  elapsed=  40.0s  eta= 53.3s
[batched-step]   61/140  ( 43.6%)  iters=33  converged=43/64  elapsed=  42.7s  eta= 55.3s
[batched-step]   62/140  ( 44.3%)  iters=33  converged=43/64  elapsed=  45.5s  eta= 57.2s
[batched-step]   63/140  ( 45.0%)  iters=33  converged=58/64  elapsed=  46.2s  eta= 56.4s
[batched-step]   64/140  ( 45.7%)  iters=33  converged=57/64  elapsed=  46.8s  eta= 55.6s
[batched-step]   65/140  ( 46.4%)  iters=33  converged=0/64  elapsed=  57.1s  eta= 65.9s
[batched-step]   66/140  ( 47.1%)  iters=33  converged=0/64  elapsed=  60.0s  eta= 67.3s
[batched-step]   67/140  ( 47.9%)  iters=33  converged=0/64  elapsed=  62.9s  eta= 68.6s
[batched-step]   68/140  ( 48.6%)  iters=33  converged=0/64  elapsed=  65.8s  eta= 69.7s
[batched-step]   69/140  ( 49.3%)  iters=33  converged=0/64  elapsed=  68.7s  eta= 70.7s
[batched-step]   70/140  ( 50.0%)  iters=33  converged=0/64  elapsed=  71.6s  eta= 71.6s
[batched-step]   71/140  ( 50.7%)  iters=33  converged=0/64  elapsed=  74.5s  eta= 72.4s
[batched-step]   72/140  ( 51.4%)  iters=33  converged=0/64  elapsed=  77.2s  eta= 72.9s
[batched-step]   73/140  ( 52.1%)  iters=33  converged=0/64  elapsed=  80.0s  eta= 73.4s
[batched-step]   74/140  ( 52.9%)  iters=33  converged=0/64  elapsed=  82.8s  eta= 73.8s
[batched-step]   75/140  ( 53.6%)  iters=33  converged=0/64  elapsed=  85.6s  eta= 74.2s
[batched-step]   76/140  ( 54.3%)  iters=33  converged=0/64  elapsed=  88.4s  eta= 74.4s
[batched-step]   77/140  ( 55.0%)  iters=33  converged=0/64  elapsed=  91.2s  eta= 74.6s
[batched-step]   78/140  ( 55.7%)  iters=33  converged=0/64  elapsed=  94.0s  eta= 74.7s
[batched-step]   79/140  ( 56.4%)  iters=33  converged=0/64  elapsed=  96.8s  eta= 74.7s
[batched-step]   80/140  ( 57.1%)  iters=33  converged=0/64  elapsed=  99.5s  eta= 74.6s
[batched-step]   81/140  ( 57.9%)  iters=33  converged=0/64  elapsed= 102.3s  eta= 74.5s
[batched-step]   82/140  ( 58.6%)  iters=33  converged=0/64  elapsed= 105.1s  eta= 74.3s
[batched-step]   83/140  ( 59.3%)  iters=33  converged=60/64  elapsed= 107.2s  eta= 73.6s sub=2^1
[batched-step]   84/140  ( 60.0%)  iters=33  converged=60/64  elapsed= 107.9s  eta= 71.9s
[batched-step]   85/140  ( 60.7%)  iters=58  converged=20/64  elapsed= 118.1s  eta= 76.4s
[batched-step]   86/140  ( 61.4%)  iters=35  converged=18/64  elapsed= 120.7s  eta= 75.8s
[batched-step]   87/140  ( 62.1%)  iters=33  converged=16/64  elapsed= 123.3s  eta= 75.1s
[batched-step]   88/140  ( 62.9%)  iters=33  converged=58/64  elapsed= 123.9s  eta= 73.2s
[batched-step]   89/140  ( 63.6%)  iters=33  converged=62/64  elapsed= 124.6s  eta= 71.4s
[batched-step]   90/140  ( 64.3%)  iters=33  converged=0/64  elapsed= 134.7s  eta= 74.8s
[batched-step]   91/140  ( 65.0%)  iters=33  converged=0/64  elapsed= 137.9s  eta= 74.2s
[batched-step]   92/140  ( 65.7%)  iters=33  converged=0/64  elapsed= 141.1s  eta= 73.6s
[batched-step]   93/140  ( 66.4%)  iters=33  converged=0/64  elapsed= 144.4s  eta= 73.0s
[batched-step]   94/140  ( 67.1%)  iters=33  converged=0/64  elapsed= 147.6s  eta= 72.2s
[batched-step]   95/140  ( 67.9%)  iters=33  converged=0/64  elapsed= 150.9s  eta= 71.5s
[batched-step]   96/140  ( 68.6%)  iters=33  converged=0/64  elapsed= 154.1s  eta= 70.6s
[batched-step]   97/140  ( 69.3%)  iters=33  converged=0/64  elapsed= 157.3s  eta= 69.7s
[batched-step]   98/140  ( 70.0%)  iters=33  converged=0/64  elapsed= 160.5s  eta= 68.8s
[batched-step]   99/140  ( 70.7%)  iters=33  converged=0/64  elapsed= 163.7s  eta= 67.8s
[batched-step]  100/140  ( 71.4%)  iters=33  converged=0/64  elapsed= 166.9s  eta= 66.7s
[batched-step]  101/140  ( 72.1%)  iters=33  converged=0/64  elapsed= 170.1s  eta= 65.7s
[batched-step]  102/140  ( 72.9%)  iters=33  converged=0/64  elapsed= 173.3s  eta= 64.5s
[batched-step]  103/140  ( 73.6%)  iters=33  converged=0/64  elapsed= 176.5s  eta= 63.4s
[batched-step]  104/140  ( 74.3%)  iters=33  converged=0/64  elapsed= 179.7s  eta= 62.2s
[batched-step]  105/140  ( 75.0%)  iters=33  converged=0/64  elapsed= 182.9s  eta= 61.0s
[batched-step]  106/140  ( 75.7%)  iters=33  converged=0/64  elapsed= 186.1s  eta= 59.7s
[batched-step]  107/140  ( 76.4%)  iters=33  converged=0/64  elapsed= 189.4s  eta= 58.4s
[batched-step]  108/140  ( 77.1%)  iters=33  converged=57/64  elapsed= 190.0s  eta= 56.3s
[batched-step]  109/140  ( 77.9%)  iters=33  converged=57/64  elapsed= 192.1s  eta= 54.6s sub=2^1
[batched-step]  110/140  ( 78.6%)  iters=33  converged=49/64  elapsed= 199.1s  eta= 54.3s
[batched-step]  111/140  ( 79.3%)  iters=33  converged=37/64  elapsed= 203.1s  eta= 53.1s
[batched-step]  112/140  ( 80.0%)  iters=33  converged=37/64  elapsed= 206.7s  eta= 51.7s
[batched-step]  113/140  ( 80.7%)  iters=33  converged=48/64  elapsed= 210.4s  eta= 50.3s
[batched-step]  114/140  ( 81.4%)  iters=33  converged=60/64  elapsed= 217.7s  eta= 49.6s sub=2^3
[batched-step]  115/140  ( 82.1%)  iters=33  converged=6/64  elapsed= 227.3s  eta= 49.4s
[batched-step]  116/140  ( 82.9%)  iters=33  converged=6/64  elapsed= 229.8s  eta= 47.5s
[batched-step]  117/140  ( 83.6%)  iters=33  converged=6/64  elapsed= 232.4s  eta= 45.7s
[batched-step]  118/140  ( 84.3%)  iters=33  converged=6/64  elapsed= 235.0s  eta= 43.8s
[batched-step]  119/140  ( 85.0%)  iters=33  converged=6/64  elapsed= 237.5s  eta= 41.9s
[batched-step]  120/140  ( 85.7%)  iters=33  converged=6/64  elapsed= 240.1s  eta= 40.0s
[batched-step]  121/140  ( 86.4%)  iters=33  converged=6/64  elapsed= 242.6s  eta= 38.1s
[batched-step]  122/140  ( 87.1%)  iters=33  converged=6/64  elapsed= 245.2s  eta= 36.2s
[batched-step]  123/140  ( 87.9%)  iters=33  converged=6/64  elapsed= 247.7s  eta= 34.2s
[batched-step]  124/140  ( 88.6%)  iters=33  converged=6/64  elapsed= 250.3s  eta= 32.3s
[batched-step]  125/140  ( 89.3%)  iters=33  converged=6/64  elapsed= 252.9s  eta= 30.3s
[batched-step]  126/140  ( 90.0%)  iters=33  converged=6/64  elapsed= 255.4s  eta= 28.4s
[batched-step]  127/140  ( 90.7%)  iters=33  converged=6/64  elapsed= 258.0s  eta= 26.4s
[batched-step]  128/140  ( 91.4%)  iters=33  converged=6/64  elapsed= 260.6s  eta= 24.4s
[batched-step]  129/140  ( 92.1%)  iters=33  converged=6/64  elapsed= 263.1s  eta= 22.4s
[batched-step]  130/140  ( 92.9%)  iters=33  converged=6/64  elapsed= 265.7s  eta= 20.4s
[batched-step]  131/140  ( 93.6%)  iters=33  converged=6/64  elapsed= 268.6s  eta= 18.5s
[batched-step]  132/140  ( 94.3%)  iters=33  converged=6/64  elapsed= 271.2s  eta= 16.4s
[batched-step]  133/140  ( 95.0%)  iters=36  converged=59/64  elapsed= 271.9s  eta= 14.3s
[batched-step]  134/140  ( 95.7%)  iters=33  converged=59/64  elapsed= 272.6s  eta= 12.2s
[batched-step]  135/140  ( 96.4%)  iters=33  converged=61/64  elapsed= 274.6s  eta= 10.2s sub=2^1
[batched-step]  136/140  ( 97.1%)  iters=48  converged=40/64  elapsed= 277.9s  eta=  8.2s
[batched-step]  137/140  ( 97.9%)  iters=33  converged=37/64  elapsed= 280.5s  eta=  6.1s
[batched-step]  138/140  ( 98.6%)  iters=33  converged=53/64  elapsed= 283.1s  eta=  4.1s
[batched-step]  139/140  ( 99.3%)  iters=33  converged=57/64  elapsed= 287.7s  eta=  2.1s sub=2^2
[batched-step]  140/140  (100.0%)  iters=33  converged=57/64  elapsed= 288.3s  eta=  0.0s
done in 423.9s (3027.9 ms/step for ALL 64 chips → 47.31 ms/step/chip)
[conv] 97/141 steps had at least one unconverged chip; max |r| across all = 3.38e-4

+---------+----------+----------------+--------+--------+--------+--------+
| vin (V) | ideal    | decoded (per draw)                                  |
+---------+----------+----------------+--------+--------+--------+--------+
|  0.5400 |    4 = 0b0100 |    0    3   10   10 …(4 more) → mean 4.88, σ 4.37, match 0/8 |
|  0.6814 |    6 = 0b0110 |    3    2    2    2 …(4 more) → mean 1.88, σ 0.93, match 0/8 |
|  0.8229 |    7 = 0b0111 |   11    3    0    3 …(4 more) → mean 5.62, σ 4.12, match 0/8 |
|  0.9643 |    8 = 0b1000 |   10   15   15   14 …(4 more) → mean 14.25, σ 1.64, match 0/8 |
|  1.1057 |    9 = 0b1001 |   11   11   11   11 …(4 more) → mean 11.50, σ 1.32, match 0/8 |
|  1.2471 |   11 = 0b1011 |   11   11   11   11 …(4 more) → mean 11.00, σ 0.00, match 8/8 |
|  1.3886 |   12 = 0b1100 |   11   11   11   11 …(4 more) → mean 11.00, σ 0.00, match 0/8 |
|  1.5300 |   13 = 0b1101 |   11   11   11   11 …(4 more) → mean 11.00, σ 0.00, match 0/8 |
+---------+----------+----------------+--------+--------+--------+--------+

=== T.11.D headline ===
  B = 64 chips (8 vin × 8 draws), σ_Vth = 5 mV
  total wall: 423.9 s (47.3 ms / step / chip)
  avg per-vin match-rate vs analytic SAR: 12%
  avg per-vin code σ under mismatch: 1.55 LSB
Report: /Users/Shared/rlx-eda/crates/spike-sar-adc/docs/sar_adc_mc_sweep.md
